This file contains any messages produced by compilers while
running configure, to aid debugging if configure makes a mistake.

It was created by autodafe configure 0.1, which was
generated by GNU Autoconf 2.59.  Invocation command line was

  $ ./configure 

## --------- ##
## Platform. ##
## --------- ##

hostname = dogue
uname -m = i686
uname -r = 2.6.29-ARCH
uname -s = Linux
uname -v = #1 SMP PREEMPT Wed May 20 07:06:02 UTC 2009

/usr/bin/uname -p = unknown
/bin/uname -X     = unknown

/bin/arch              = i686
/usr/bin/arch -k       = unknown
/usr/convex/getsysinfo = unknown
hostinfo               = unknown
/bin/machine           = unknown
/usr/bin/oslevel       = unknown
/bin/universe          = unknown

PATH: /bin
PATH: /usr/bin
PATH: /sbin
PATH: /usr/sbin
PATH: /usr/bin/perlbin/site
PATH: /usr/bin/perlbin/vendor
PATH: /usr/bin/perlbin/core
PATH: /usr/local/bin
PATH: /usr/local/bin


## ----------- ##
## Core tests. ##
## ----------- ##

configure:1353: checking for gcc
configure:1369: found /usr/bin/gcc
configure:1379: result: gcc
configure:1623: checking for C compiler version
configure:1626: gcc --version </dev/null >&5
gcc (GCC) 4.4.0 20090526 (prerelease)
Copyright (C) 2009 Free Software Foundation, Inc.
This is free software; see the source for copying conditions.  There is NO
warranty; not even for MERCHANTABILITY or FITNESS FOR A PARTICULAR PURPOSE.

configure:1629: $? = 0
configure:1631: gcc -v </dev/null >&5
Using built-in specs.
Target: i686-pc-linux-gnu
Configured with: ../configure --prefix=/usr --enable-shared --enable-languages=c,c++,fortran,objc,obj-c++ --enable-threads=posix --mandir=/usr/share/man --infodir=/usr/share/info --enable-__cxa_atexit --disable-multilib --libdir=/usr/lib --libexecdir=/usr/lib --enable-clocale=gnu --disable-libstdcxx-pch --with-tune=generic
Thread model: posix
gcc version 4.4.0 20090526 (prerelease) (GCC) 
configure:1634: $? = 0
configure:1636: gcc -V </dev/null >&5
gcc: '-V' option must have argument
configure:1639: $? = 1
configure:1662: checking for C compiler default output file name
configure:1665: gcc    conftest.c  >&5
configure:1668: $? = 0
configure:1714: result: a.out
configure:1719: checking whether the C compiler works
configure:1725: ./a.out
configure:1728: $? = 0
configure:1745: result: yes
configure:1752: checking whether we are cross compiling
configure:1754: result: no
configure:1757: checking for suffix of executables
configure:1759: gcc -o conftest    conftest.c  >&5
configure:1762: $? = 0
configure:1787: result: 
configure:1793: checking for suffix of object files
configure:1814: gcc -c   conftest.c >&5
configure:1817: $? = 0
configure:1839: result: o
configure:1843: checking whether we are using the GNU C compiler
configure:1867: gcc -c   conftest.c >&5
configure:1873: $? = 0
configure:1877: test -z 
			 || test ! -s conftest.err
configure:1880: $? = 0
configure:1883: test -s conftest.o
configure:1886: $? = 0
configure:1899: result: yes
configure:1905: checking whether gcc accepts -g
configure:1926: gcc -c -g  conftest.c >&5
configure:1932: $? = 0
configure:1936: test -z 
			 || test ! -s conftest.err
configure:1939: $? = 0
configure:1942: test -s conftest.o
configure:1945: $? = 0
configure:1956: result: yes
configure:1973: checking for gcc option to accept ANSI C
configure:2043: gcc  -c -g -O2  conftest.c >&5
configure:2049: $? = 0
configure:2053: test -z 
			 || test ! -s conftest.err
configure:2056: $? = 0
configure:2059: test -s conftest.o
configure:2062: $? = 0
configure:2080: result: none needed
configure:2098: gcc -c -g -O2  conftest.c >&5
conftest.c:2: error: expected '=', ',', ';', 'asm' or '__attribute__' before 'me'
configure:2104: $? = 1
configure: failed program was:
| #ifndef __cplusplus
|   choke me
| #endif
configure:2242: checking for flex
configure:2258: found /usr/bin/flex
configure:2268: result: flex
configure:2281: checking for yywrap in -lfl
configure:2311: gcc -o conftest -g -O2   conftest.c -lfl   >&5
configure:2317: $? = 0
configure:2321: test -z 
			 || test ! -s conftest.err
configure:2324: $? = 0
configure:2327: test -s conftest
configure:2330: $? = 0
configure:2343: result: yes
configure:2421: checking lex output file root
configure:2432: flex conftest.l
configure:2435: $? = 0
configure:2447: result: lex.yy
configure:2452: checking whether yytext is a pointer
configure:2468: gcc -o conftest -g -O2   conftest.c  -lfl >&5
configure:2474: $? = 0
configure:2478: test -z 
			 || test ! -s conftest.err
configure:2481: $? = 0
configure:2484: test -s conftest
configure:2487: $? = 0
configure:2501: result: yes
configure:2516: checking for bison
configure:2532: found /usr/bin/bison
configure:2542: result: bison -y
configure:2558: checking for gdb
configure:2574: found /usr/bin/gdb
configure:2585: result: yes
configure:2601: checking for gdb
configure:2619: found /usr/bin/gdb
configure:2631: result: /usr/bin/gdb
configure:2649: checking for main in -lm
configure:2673: gcc -o conftest -g -O2   conftest.c -lm   >&5
configure:2679: $? = 0
configure:2683: test -z 
			 || test ! -s conftest.err
configure:2686: $? = 0
configure:2689: test -s conftest
configure:2692: $? = 0
configure:2705: result: yes
configure:2718: checking for main in -lpthread
configure:2742: gcc -o conftest -g -O2   conftest.c -lpthread  -lm  >&5
configure:2748: $? = 0
configure:2752: test -z 
			 || test ! -s conftest.err
configure:2755: $? = 0
configure:2758: test -s conftest
configure:2761: $? = 0
configure:2774: result: yes
configure:2787: checking for main in -lutil
configure:2811: gcc -o conftest -g -O2   conftest.c -lutil  -lpthread -lm  >&5
configure:2817: $? = 0
configure:2821: test -z 
			 || test ! -s conftest.err
configure:2824: $? = 0
configure:2827: test -s conftest
configure:2830: $? = 0
configure:2843: result: yes
configure:2856: checking for main in -lxml2
configure:2880: gcc -o conftest -g -O2   conftest.c -lxml2  -lutil -lpthread -lm  >&5
configure:2886: $? = 0
configure:2890: test -z 
			 || test ! -s conftest.err
configure:2893: $? = 0
configure:2896: test -s conftest
configure:2899: $? = 0
configure:2912: result: yes
configure:2925: checking for main in -lz
configure:2949: gcc -o conftest -g -O2   conftest.c -lz  -lxml2 -lutil -lpthread -lm  >&5
configure:2955: $? = 0
configure:2959: test -z 
			 || test ! -s conftest.err
configure:2962: $? = 0
configure:2965: test -s conftest
configure:2968: $? = 0
configure:2981: result: yes
configure:2999: checking how to run the C preprocessor
configure:3034: gcc -E  conftest.c
configure:3040: $? = 0
configure:3072: gcc -E  conftest.c
conftest.c:16:28: error: ac_nonexistent.h: No such file or directory
configure:3078: $? = 1
configure: failed program was:
| /* confdefs.h.  */
| 
| #define PACKAGE_NAME "autodafe"
| #define PACKAGE_TARNAME "autodafe"
| #define PACKAGE_VERSION "0.1"
| #define PACKAGE_STRING "autodafe 0.1"
| #define PACKAGE_BUGREPORT "autodafe@vuagnoux.com"
| #define YYTEXT_POINTER 1
| #define GDB_PATH "/usr/bin/gdb"
| #define HAVE_LIBM 1
| #define HAVE_LIBPTHREAD 1
| #define HAVE_LIBUTIL 1
| #define HAVE_LIBXML2 1
| #define HAVE_LIBZ 1
| /* end confdefs.h.  */
| #include <ac_nonexistent.h>
configure:3117: result: gcc -E
configure:3141: gcc -E  conftest.c
configure:3147: $? = 0
configure:3179: gcc -E  conftest.c
conftest.c:16:28: error: ac_nonexistent.h: No such file or directory
configure:3185: $? = 1
configure: failed program was:
| /* confdefs.h.  */
| 
| #define PACKAGE_NAME "autodafe"
| #define PACKAGE_TARNAME "autodafe"
| #define PACKAGE_VERSION "0.1"
| #define PACKAGE_STRING "autodafe 0.1"
| #define PACKAGE_BUGREPORT "autodafe@vuagnoux.com"
| #define YYTEXT_POINTER 1
| #define GDB_PATH "/usr/bin/gdb"
| #define HAVE_LIBM 1
| #define HAVE_LIBPTHREAD 1
| #define HAVE_LIBUTIL 1
| #define HAVE_LIBXML2 1
| #define HAVE_LIBZ 1
| /* end confdefs.h.  */
| #include <ac_nonexistent.h>
configure:3229: checking for egrep
configure:3239: result: grep -E
configure:3244: checking for ANSI C header files
configure:3269: gcc -c -g -O2  conftest.c >&5
configure:3275: $? = 0
configure:3279: test -z 
			 || test ! -s conftest.err
configure:3282: $? = 0
configure:3285: test -s conftest.o
configure:3288: $? = 0
configure:3377: gcc -o conftest -g -O2   conftest.c -lz -lxml2 -lutil -lpthread -lm  >&5
conftest.c: In function 'main':
conftest.c:33: warning: incompatible implicit declaration of built-in function 'exit'
configure:3380: $? = 0
configure:3382: ./conftest
configure:3385: $? = 0
configure:3400: result: yes
configure:3424: checking for sys/types.h
configure:3440: gcc -c -g -O2  conftest.c >&5
configure:3446: $? = 0
configure:3450: test -z 
			 || test ! -s conftest.err
configure:3453: $? = 0
configure:3456: test -s conftest.o
configure:3459: $? = 0
configure:3470: result: yes
configure:3424: checking for sys/stat.h
configure:3440: gcc -c -g -O2  conftest.c >&5
configure:3446: $? = 0
configure:3450: test -z 
			 || test ! -s conftest.err
configure:3453: $? = 0
configure:3456: test -s conftest.o
configure:3459: $? = 0
configure:3470: result: yes
configure:3424: checking for stdlib.h
configure:3440: gcc -c -g -O2  conftest.c >&5
configure:3446: $? = 0
configure:3450: test -z 
			 || test ! -s conftest.err
configure:3453: $? = 0
configure:3456: test -s conftest.o
configure:3459: $? = 0
configure:3470: result: yes
configure:3424: checking for string.h
configure:3440: gcc -c -g -O2  conftest.c >&5
configure:3446: $? = 0
configure:3450: test -z 
			 || test ! -s conftest.err
configure:3453: $? = 0
configure:3456: test -s conftest.o
configure:3459: $? = 0
configure:3470: result: yes
configure:3424: checking for memory.h
configure:3440: gcc -c -g -O2  conftest.c >&5
configure:3446: $? = 0
configure:3450: test -z 
			 || test ! -s conftest.err
configure:3453: $? = 0
configure:3456: test -s conftest.o
configure:3459: $? = 0
configure:3470: result: yes
configure:3424: checking for strings.h
configure:3440: gcc -c -g -O2  conftest.c >&5
configure:3446: $? = 0
configure:3450: test -z 
			 || test ! -s conftest.err
configure:3453: $? = 0
configure:3456: test -s conftest.o
configure:3459: $? = 0
configure:3470: result: yes
configure:3424: checking for inttypes.h
configure:3440: gcc -c -g -O2  conftest.c >&5
configure:3446: $? = 0
configure:3450: test -z 
			 || test ! -s conftest.err
configure:3453: $? = 0
configure:3456: test -s conftest.o
configure:3459: $? = 0
configure:3470: result: yes
configure:3424: checking for stdint.h
configure:3440: gcc -c -g -O2  conftest.c >&5
configure:3446: $? = 0
configure:3450: test -z 
			 || test ! -s conftest.err
configure:3453: $? = 0
configure:3456: test -s conftest.o
configure:3459: $? = 0
configure:3470: result: yes
configure:3424: checking for unistd.h
configure:3440: gcc -c -g -O2  conftest.c >&5
configure:3446: $? = 0
configure:3450: test -z 
			 || test ! -s conftest.err
configure:3453: $? = 0
configure:3456: test -s conftest.o
configure:3459: $? = 0
configure:3470: result: yes
configure:3505: checking stddef.h usability
configure:3517: gcc -c -g -O2  conftest.c >&5
configure:3523: $? = 0
configure:3527: test -z 
			 || test ! -s conftest.err
configure:3530: $? = 0
configure:3533: test -s conftest.o
configure:3536: $? = 0
configure:3546: result: yes
configure:3550: checking stddef.h presence
configure:3560: gcc -E  conftest.c
configure:3566: $? = 0
configure:3586: result: yes
configure:3621: checking for stddef.h
configure:3628: result: yes
configure:3505: checking arpa/inet.h usability
configure:3517: gcc -c -g -O2  conftest.c >&5
configure:3523: $? = 0
configure:3527: test -z 
			 || test ! -s conftest.err
configure:3530: $? = 0
configure:3533: test -s conftest.o
configure:3536: $? = 0
configure:3546: result: yes
configure:3550: checking arpa/inet.h presence
configure:3560: gcc -E  conftest.c
configure:3566: $? = 0
configure:3586: result: yes
configure:3621: checking for arpa/inet.h
configure:3628: result: yes
configure:3505: checking netdb.h usability
configure:3517: gcc -c -g -O2  conftest.c >&5
configure:3523: $? = 0
configure:3527: test -z 
			 || test ! -s conftest.err
configure:3530: $? = 0
configure:3533: test -s conftest.o
configure:3536: $? = 0
configure:3546: result: yes
configure:3550: checking netdb.h presence
configure:3560: gcc -E  conftest.c
configure:3566: $? = 0
configure:3586: result: yes
configure:3621: checking for netdb.h
configure:3628: result: yes
configure:3505: checking netinet/in.h usability
configure:3517: gcc -c -g -O2  conftest.c >&5
configure:3523: $? = 0
configure:3527: test -z 
			 || test ! -s conftest.err
configure:3530: $? = 0
configure:3533: test -s conftest.o
configure:3536: $? = 0
configure:3546: result: yes
configure:3550: checking netinet/in.h presence
configure:3560: gcc -E  conftest.c
configure:3566: $? = 0
configure:3586: result: yes
configure:3621: checking for netinet/in.h
configure:3628: result: yes
configure:3496: checking for stdlib.h
configure:3501: result: yes
configure:3496: checking for string.h
configure:3501: result: yes
configure:3496: checking for strings.h
configure:3501: result: yes
configure:3505: checking sys/socket.h usability
configure:3517: gcc -c -g -O2  conftest.c >&5
configure:3523: $? = 0
configure:3527: test -z 
			 || test ! -s conftest.err
configure:3530: $? = 0
configure:3533: test -s conftest.o
configure:3536: $? = 0
configure:3546: result: yes
configure:3550: checking sys/socket.h presence
configure:3560: gcc -E  conftest.c
configure:3566: $? = 0
configure:3586: result: yes
configure:3621: checking for sys/socket.h
configure:3628: result: yes
configure:3505: checking sys/time.h usability
configure:3517: gcc -c -g -O2  conftest.c >&5
configure:3523: $? = 0
configure:3527: test -z 
			 || test ! -s conftest.err
configure:3530: $? = 0
configure:3533: test -s conftest.o
configure:3536: $? = 0
configure:3546: result: yes
configure:3550: checking sys/time.h presence
configure:3560: gcc -E  conftest.c
configure:3566: $? = 0
configure:3586: result: yes
configure:3621: checking for sys/time.h
configure:3628: result: yes
configure:3496: checking for unistd.h
configure:3501: result: yes
configure:3643: checking for an ANSI C-conforming const
configure:3710: gcc -c -g -O2  conftest.c >&5
configure:3716: $? = 0
configure:3720: test -z 
			 || test ! -s conftest.err
configure:3723: $? = 0
configure:3726: test -s conftest.o
configure:3729: $? = 0
configure:3740: result: yes
configure:3750: checking for size_t
configure:3774: gcc -c -g -O2  conftest.c >&5
configure:3780: $? = 0
configure:3784: test -z 
			 || test ! -s conftest.err
configure:3787: $? = 0
configure:3790: test -s conftest.o
configure:3793: $? = 0
configure:3804: result: yes
configure:3816: checking whether time.h and sys/time.h may both be included
configure:3841: gcc -c -g -O2  conftest.c >&5
configure:3847: $? = 0
configure:3851: test -z 
			 || test ! -s conftest.err
configure:3854: $? = 0
configure:3857: test -s conftest.o
configure:3860: $? = 0
configure:3871: result: yes
configure:3883: checking for pid_t
configure:3907: gcc -c -g -O2  conftest.c >&5
configure:3913: $? = 0
configure:3917: test -z 
			 || test ! -s conftest.err
configure:3920: $? = 0
configure:3923: test -s conftest.o
configure:3926: $? = 0
configure:3937: result: yes
configure:3955: checking for unistd.h
configure:3960: result: yes
configure:3964: checking vfork.h usability
configure:3976: gcc -c -g -O2  conftest.c >&5
conftest.c:72:19: error: vfork.h: No such file or directory
configure:3982: $? = 1
configure: failed program was:
| /* confdefs.h.  */
| 
| #define PACKAGE_NAME "autodafe"
| #define PACKAGE_TARNAME "autodafe"
| #define PACKAGE_VERSION "0.1"
| #define PACKAGE_STRING "autodafe 0.1"
| #define PACKAGE_BUGREPORT "autodafe@vuagnoux.com"
| #define YYTEXT_POINTER 1
| #define GDB_PATH "/usr/bin/gdb"
| #define HAVE_LIBM 1
| #define HAVE_LIBPTHREAD 1
| #define HAVE_LIBUTIL 1
| #define HAVE_LIBXML2 1
| #define HAVE_LIBZ 1
| #define STDC_HEADERS 1
| #define HAVE_SYS_TYPES_H 1
| #define HAVE_SYS_STAT_H 1
| #define HAVE_STDLIB_H 1
| #define HAVE_STRING_H 1
| #define HAVE_MEMORY_H 1
| #define HAVE_STRINGS_H 1
| #define HAVE_INTTYPES_H 1
| #define HAVE_STDINT_H 1
| #define HAVE_UNISTD_H 1
| #define HAVE_STDDEF_H 1
| #define HAVE_ARPA_INET_H 1
| #define HAVE_NETDB_H 1
| #define HAVE_NETINET_IN_H 1
| #define HAVE_STDLIB_H 1
| #define HAVE_STRING_H 1
| #define HAVE_STRINGS_H 1
| #define HAVE_SYS_SOCKET_H 1
| #define HAVE_SYS_TIME_H 1
| #define HAVE_UNISTD_H 1
| #define TIME_WITH_SYS_TIME 1
| #define HAVE_UNISTD_H 1
| /* end confdefs.h.  */
| #include <stdio.h>
| #if HAVE_SYS_TYPES_H
| # include <sys/types.h>
| #endif
| #if HAVE_SYS_STAT_H
| # include <sys/stat.h>
| #endif
| #if STDC_HEADERS
| # include <stdlib.h>
| # include <stddef.h>
| #else
| # if HAVE_STDLIB_H
| #  include <stdlib.h>
| # endif
| #endif
| #if HAVE_STRING_H
| # if !STDC_HEADERS && HAVE_MEMORY_H
| #  include <memory.h>
| # endif
| # include <string.h>
| #endif
| #if HAVE_STRINGS_H
| # include <strings.h>
| #endif
| #if HAVE_INTTYPES_H
| # include <inttypes.h>
| #else
| # if HAVE_STDINT_H
| #  include <stdint.h>
| # endif
| #endif
| #if HAVE_UNISTD_H
| # include <unistd.h>
| #endif
| #include <vfork.h>
configure:4005: result: no
configure:4009: checking vfork.h presence
configure:4019: gcc -E  conftest.c
conftest.c:38:19: error: vfork.h: No such file or directory
configure:4025: $? = 1
configure: failed program was:
| /* confdefs.h.  */
| 
| #define PACKAGE_NAME "autodafe"
| #define PACKAGE_TARNAME "autodafe"
| #define PACKAGE_VERSION "0.1"
| #define PACKAGE_STRING "autodafe 0.1"
| #define PACKAGE_BUGREPORT "autodafe@vuagnoux.com"
| #define YYTEXT_POINTER 1
| #define GDB_PATH "/usr/bin/gdb"
| #define HAVE_LIBM 1
| #define HAVE_LIBPTHREAD 1
| #define HAVE_LIBUTIL 1
| #define HAVE_LIBXML2 1
| #define HAVE_LIBZ 1
| #define STDC_HEADERS 1
| #define HAVE_SYS_TYPES_H 1
| #define HAVE_SYS_STAT_H 1
| #define HAVE_STDLIB_H 1
| #define HAVE_STRING_H 1
| #define HAVE_MEMORY_H 1
| #define HAVE_STRINGS_H 1
| #define HAVE_INTTYPES_H 1
| #define HAVE_STDINT_H 1
| #define HAVE_UNISTD_H 1
| #define HAVE_STDDEF_H 1
| #define HAVE_ARPA_INET_H 1
| #define HAVE_NETDB_H 1
| #define HAVE_NETINET_IN_H 1
| #define HAVE_STDLIB_H 1
| #define HAVE_STRING_H 1
| #define HAVE_STRINGS_H 1
| #define HAVE_SYS_SOCKET_H 1
| #define HAVE_SYS_TIME_H 1
| #define HAVE_UNISTD_H 1
| #define TIME_WITH_SYS_TIME 1
| #define HAVE_UNISTD_H 1
| /* end confdefs.h.  */
| #include <vfork.h>
configure:4045: result: no
configure:4080: checking for vfork.h
configure:4087: result: no
configure:4105: checking for fork
configure:4162: gcc -o conftest -g -O2   conftest.c -lz -lxml2 -lutil -lpthread -lm  >&5
conftest.c:62: warning: conflicting types for built-in function 'fork'
configure:4168: $? = 0
configure:4172: test -z 
			 || test ! -s conftest.err
configure:4175: $? = 0
configure:4178: test -s conftest
configure:4181: $? = 0
configure:4193: result: yes
configure:4105: checking for vfork
configure:4162: gcc -o conftest -g -O2   conftest.c -lz -lxml2 -lutil -lpthread -lm  >&5
configure:4168: $? = 0
configure:4172: test -z 
			 || test ! -s conftest.err
configure:4175: $? = 0
configure:4178: test -s conftest
configure:4181: $? = 0
configure:4193: result: yes
configure:4204: checking for working fork
configure:4227: gcc -o conftest -g -O2   conftest.c -lz -lxml2 -lutil -lpthread -lm  >&5
conftest.c: In function 'main':
conftest.c:10: warning: incompatible implicit declaration of built-in function 'exit'
configure:4230: $? = 0
configure:4232: ./conftest
configure:4235: $? = 0
configure:4249: result: yes
configure:4270: checking for working vfork
configure:4403: result: yes
configure:4435: checking whether gcc needs -traditional
configure:4477: result: no
configure:4489: checking for stdlib.h
configure:4494: result: yes
configure:4634: checking for GNU libc compatible malloc
configure:4663: gcc -o conftest -g -O2   conftest.c -lz -lxml2 -lutil -lpthread -lm  >&5
configure:4666: $? = 0
configure:4668: ./conftest
configure:4671: $? = 0
configure:4685: result: yes
configure:4715: checking for working memcmp
configure:4763: gcc -o conftest -g -O2   conftest.c -lz -lxml2 -lutil -lpthread -lm  >&5
configure:4766: $? = 0
configure:4768: ./conftest
configure:4771: $? = 0
configure:4785: result: yes
configure:4801: checking for stdlib.h
configure:4806: result: yes
configure:4946: checking for GNU libc compatible realloc
configure:4975: gcc -o conftest -g -O2   conftest.c -lz -lxml2 -lutil -lpthread -lm  >&5
configure:4978: $? = 0
configure:4980: ./conftest
configure:4983: $? = 0
configure:4997: result: yes
configure:5042: checking sys/select.h usability
configure:5054: gcc -c -g -O2  conftest.c >&5
configure:5060: $? = 0
configure:5064: test -z 
			 || test ! -s conftest.err
configure:5067: $? = 0
configure:5070: test -s conftest.o
configure:5073: $? = 0
configure:5083: result: yes
configure:5087: checking sys/select.h presence
configure:5097: gcc -E  conftest.c
configure:5103: $? = 0
configure:5123: result: yes
configure:5158: checking for sys/select.h
configure:5165: result: yes
configure:5033: checking for sys/socket.h
configure:5038: result: yes
configure:5178: checking types of arguments for select
configure:5211: gcc -c -g -O2  conftest.c >&5
configure:5217: $? = 0
configure:5221: test -z 
			 || test ! -s conftest.err
configure:5224: $? = 0
configure:5227: test -s conftest.o
configure:5230: $? = 0
configure:5246: result: int,fd_set *,struct timeval *
configure:5269: checking return type of signal handlers
configure:5300: gcc -c -g -O2  conftest.c >&5
configure:5306: $? = 0
configure:5310: test -z 
			 || test ! -s conftest.err
configure:5313: $? = 0
configure:5316: test -s conftest.o
configure:5319: $? = 0
configure:5330: result: void
configure:5338: checking whether lstat dereferences a symlink specified with a trailing slash
configure:5369: gcc -o conftest -g -O2   conftest.c -lz -lxml2 -lutil -lpthread -lm  >&5
configure:5372: $? = 0
configure:5374: ./conftest
configure:5377: $? = 0
configure:5398: result: yes
configure:5419: checking whether stat accepts an empty string
configure:5444: gcc -o conftest -g -O2   conftest.c -lz -lxml2 -lutil -lpthread -lm  >&5
configure:5447: $? = 0
configure:5449: ./conftest
configure:5452: $? = 1
configure: program exited with status 1
configure: failed program was:
| /* confdefs.h.  */
| 
| #define PACKAGE_NAME "autodafe"
| #define PACKAGE_TARNAME "autodafe"
| #define PACKAGE_VERSION "0.1"
| #define PACKAGE_STRING "autodafe 0.1"
| #define PACKAGE_BUGREPORT "autodafe@vuagnoux.com"
| #define YYTEXT_POINTER 1
| #define GDB_PATH "/usr/bin/gdb"
| #define HAVE_LIBM 1
| #define HAVE_LIBPTHREAD 1
| #define HAVE_LIBUTIL 1
| #define HAVE_LIBXML2 1
| #define HAVE_LIBZ 1
| #define STDC_HEADERS 1
| #define HAVE_SYS_TYPES_H 1
| #define HAVE_SYS_STAT_H 1
| #define HAVE_STDLIB_H 1
| #define HAVE_STRING_H 1
| #define HAVE_MEMORY_H 1
| #define HAVE_STRINGS_H 1
| #define HAVE_INTTYPES_H 1
| #define HAVE_STDINT_H 1
| #define HAVE_UNISTD_H 1
| #define HAVE_STDDEF_H 1
| #define HAVE_ARPA_INET_H 1
| #define HAVE_NETDB_H 1
| #define HAVE_NETINET_IN_H 1
| #define HAVE_STDLIB_H 1
| #define HAVE_STRING_H 1
| #define HAVE_STRINGS_H 1
| #define HAVE_SYS_SOCKET_H 1
| #define HAVE_SYS_TIME_H 1
| #define HAVE_UNISTD_H 1
| #define TIME_WITH_SYS_TIME 1
| #define HAVE_UNISTD_H 1
| #define HAVE_FORK 1
| #define HAVE_VFORK 1
| #define HAVE_WORKING_VFORK 1
| #define HAVE_WORKING_FORK 1
| #define HAVE_STDLIB_H 1
| #define HAVE_MALLOC 1
| #define HAVE_STDLIB_H 1
| #define HAVE_REALLOC 1
| #define HAVE_SYS_SELECT_H 1
| #define HAVE_SYS_SOCKET_H 1
| #define SELECT_TYPE_ARG1 int
| #define SELECT_TYPE_ARG234 (fd_set *)
| #define SELECT_TYPE_ARG5 (struct timeval *)
| #define RETSIGTYPE void
| #define LSTAT_FOLLOWS_SLASHED_SYMLINK 1
| /* end confdefs.h.  */
| #include <stdio.h>
| #if HAVE_SYS_TYPES_H
| # include <sys/types.h>
| #endif
| #if HAVE_SYS_STAT_H
| # include <sys/stat.h>
| #endif
| #if STDC_HEADERS
| # include <stdlib.h>
| # include <stddef.h>
| #else
| # if HAVE_STDLIB_H
| #  include <stdlib.h>
| # endif
| #endif
| #if HAVE_STRING_H
| # if !STDC_HEADERS && HAVE_MEMORY_H
| #  include <memory.h>
| # endif
| # include <string.h>
| #endif
| #if HAVE_STRINGS_H
| # include <strings.h>
| #endif
| #if HAVE_INTTYPES_H
| # include <inttypes.h>
| #else
| # if HAVE_STDINT_H
| #  include <stdint.h>
| # endif
| #endif
| #if HAVE_UNISTD_H
| # include <unistd.h>
| #endif
| int
| main ()
| {
| struct stat sbuf;
|   exit (stat ("", &sbuf) ? 1 : 0);
|   ;
|   return 0;
| }
configure:5466: result: no
configure:5498: checking for bzero
configure:5555: gcc -o conftest -g -O2   conftest.c -lz -lxml2 -lutil -lpthread -lm  >&5
conftest.c:77: warning: conflicting types for built-in function 'bzero'
configure:5561: $? = 0
configure:5565: test -z 
			 || test ! -s conftest.err
configure:5568: $? = 0
configure:5571: test -s conftest
configure:5574: $? = 0
configure:5586: result: yes
configure:5498: checking for dup2
configure:5555: gcc -o conftest -g -O2   conftest.c -lz -lxml2 -lutil -lpthread -lm  >&5
configure:5561: $? = 0
configure:5565: test -z 
			 || test ! -s conftest.err
configure:5568: $? = 0
configure:5571: test -s conftest
configure:5574: $? = 0
configure:5586: result: yes
configure:5498: checking for gethostbyname
configure:5555: gcc -o conftest -g -O2   conftest.c -lz -lxml2 -lutil -lpthread -lm  >&5
configure:5561: $? = 0
configure:5565: test -z 
			 || test ! -s conftest.err
configure:5568: $? = 0
configure:5571: test -s conftest
configure:5574: $? = 0
configure:5586: result: yes
configure:5498: checking for inet_ntoa
configure:5555: gcc -o conftest -g -O2   conftest.c -lz -lxml2 -lutil -lpthread -lm  >&5
configure:5561: $? = 0
configure:5565: test -z 
			 || test ! -s conftest.err
configure:5568: $? = 0
configure:5571: test -s conftest
configure:5574: $? = 0
configure:5586: result: yes
configure:5498: checking for memset
configure:5555: gcc -o conftest -g -O2   conftest.c -lz -lxml2 -lutil -lpthread -lm  >&5
conftest.c:81: warning: conflicting types for built-in function 'memset'
configure:5561: $? = 0
configure:5565: test -z 
			 || test ! -s conftest.err
configure:5568: $? = 0
configure:5571: test -s conftest
configure:5574: $? = 0
configure:5586: result: yes
configure:5498: checking for select
configure:5555: gcc -o conftest -g -O2   conftest.c -lz -lxml2 -lutil -lpthread -lm  >&5
configure:5561: $? = 0
configure:5565: test -z 
			 || test ! -s conftest.err
configure:5568: $? = 0
configure:5571: test -s conftest
configure:5574: $? = 0
configure:5586: result: yes
configure:5498: checking for socket
configure:5555: gcc -o conftest -g -O2   conftest.c -lz -lxml2 -lutil -lpthread -lm  >&5
configure:5561: $? = 0
configure:5565: test -z 
			 || test ! -s conftest.err
configure:5568: $? = 0
configure:5571: test -s conftest
configure:5574: $? = 0
configure:5586: result: yes
configure:5498: checking for strchr
configure:5555: gcc -o conftest -g -O2   conftest.c -lz -lxml2 -lutil -lpthread -lm  >&5
conftest.c:84: warning: conflicting types for built-in function 'strchr'
configure:5561: $? = 0
configure:5565: test -z 
			 || test ! -s conftest.err
configure:5568: $? = 0
configure:5571: test -s conftest
configure:5574: $? = 0
configure:5586: result: yes
configure:5498: checking for strstr
configure:5555: gcc -o conftest -g -O2   conftest.c -lz -lxml2 -lutil -lpthread -lm  >&5
conftest.c:85: warning: conflicting types for built-in function 'strstr'
configure:5561: $? = 0
configure:5565: test -z 
			 || test ! -s conftest.err
configure:5568: $? = 0
configure:5571: test -s conftest
configure:5574: $? = 0
configure:5586: result: yes
configure:5498: checking for strtol
configure:5555: gcc -o conftest -g -O2   conftest.c -lz -lxml2 -lutil -lpthread -lm  >&5
configure:5561: $? = 0
configure:5565: test -z 
			 || test ! -s conftest.err
configure:5568: $? = 0
configure:5571: test -s conftest
configure:5574: $? = 0
configure:5586: result: yes
configure:5498: checking for strtoul
configure:5555: gcc -o conftest -g -O2   conftest.c -lz -lxml2 -lutil -lpthread -lm  >&5
configure:5561: $? = 0
configure:5565: test -z 
			 || test ! -s conftest.err
configure:5568: $? = 0
configure:5571: test -s conftest
configure:5574: $? = 0
configure:5586: result: yes
configure:5694: creating ./config.status

## ---------------------- ##
## Running config.status. ##
## ---------------------- ##

This file was extended by autodafe config.status 0.1, which was
generated by GNU Autoconf 2.59.  Invocation command line was

  CONFIG_FILES    = 
  CONFIG_HEADERS  = 
  CONFIG_LINKS    = 
  CONFIG_COMMANDS = 
  $ ./config.status 

on dogue

config.status:652: creating Makefile
config.status:652: creating src/Makefile
config.status:652: creating src/adbg/Makefile
config.status:652: creating src/adc/Makefile
config.status:652: creating src/autodafe/Makefile
config.status:652: creating src/pdml2ad/Makefile
config.status:755: creating config.h
config.status:965: config.h is unchanged

## ---------------- ##
## Cache variables. ##
## ---------------- ##

ac_cv_c_compiler_gnu=yes
ac_cv_c_const=yes
ac_cv_env_CC_set=
ac_cv_env_CC_value=
ac_cv_env_CFLAGS_set=
ac_cv_env_CFLAGS_value=
ac_cv_env_CPPFLAGS_set=
ac_cv_env_CPPFLAGS_value=
ac_cv_env_CPP_set=
ac_cv_env_CPP_value=
ac_cv_env_LDFLAGS_set=
ac_cv_env_LDFLAGS_value=
ac_cv_env_build_alias_set=
ac_cv_env_build_alias_value=
ac_cv_env_host_alias_set=
ac_cv_env_host_alias_value=
ac_cv_env_target_alias_set=
ac_cv_env_target_alias_value=
ac_cv_exeext=
ac_cv_func_bzero=yes
ac_cv_func_dup2=yes
ac_cv_func_fork=yes
ac_cv_func_fork_works=yes
ac_cv_func_gethostbyname=yes
ac_cv_func_inet_ntoa=yes
ac_cv_func_lstat_dereferences_slashed_symlink=yes
ac_cv_func_malloc_0_nonnull=yes
ac_cv_func_memcmp_working=yes
ac_cv_func_memset=yes
ac_cv_func_realloc_0_nonnull=yes
ac_cv_func_select=yes
ac_cv_func_select_args='int,fd_set *,struct timeval *'
ac_cv_func_socket=yes
ac_cv_func_stat_empty_string_bug=no
ac_cv_func_strchr=yes
ac_cv_func_strstr=yes
ac_cv_func_strtol=yes
ac_cv_func_strtoul=yes
ac_cv_func_vfork=yes
ac_cv_func_vfork_works=yes
ac_cv_header_arpa_inet_h=yes
ac_cv_header_inttypes_h=yes
ac_cv_header_memory_h=yes
ac_cv_header_netdb_h=yes
ac_cv_header_netinet_in_h=yes
ac_cv_header_stdc=yes
ac_cv_header_stddef_h=yes
ac_cv_header_stdint_h=yes
ac_cv_header_stdlib_h=yes
ac_cv_header_string_h=yes
ac_cv_header_strings_h=yes
ac_cv_header_sys_select_h=yes
ac_cv_header_sys_socket_h=yes
ac_cv_header_sys_stat_h=yes
ac_cv_header_sys_time_h=yes
ac_cv_header_sys_types_h=yes
ac_cv_header_time=yes
ac_cv_header_unistd_h=yes
ac_cv_header_vfork_h=no
ac_cv_lib_fl_yywrap=yes
ac_cv_lib_m_main=yes
ac_cv_lib_pthread_main=yes
ac_cv_lib_util_main=yes
ac_cv_lib_xml2_main=yes
ac_cv_lib_z_main=yes
ac_cv_objext=o
ac_cv_path_GDB=/usr/bin/gdb
ac_cv_prog_CPP='gcc -E'
ac_cv_prog_HAVE_GDB=yes
ac_cv_prog_LEX=flex
ac_cv_prog_YACC='bison -y'
ac_cv_prog_ac_ct_CC=gcc
ac_cv_prog_cc_g=yes
ac_cv_prog_cc_stdc=
ac_cv_prog_egrep='grep -E'
ac_cv_prog_gcc_traditional=no
ac_cv_prog_lex_root=lex.yy
ac_cv_prog_lex_yytext_pointer=yes
ac_cv_type_pid_t=yes
ac_cv_type_signal=void
ac_cv_type_size_t=yes

## ----------------- ##
## Output variables. ##
## ----------------- ##

CC='gcc'
CFLAGS='-g -O2'
CPP='gcc -E'
CPPFLAGS=''
DEFS='-DHAVE_CONFIG_H'
ECHO_C=''
ECHO_N='-n'
ECHO_T=''
EGREP='grep -E'
EXEEXT=''
GDB='/usr/bin/gdb'
HAVE_GDB='yes'
LDFLAGS=''
LEX='flex'
LEXLIB='-lfl'
LEX_OUTPUT_ROOT='lex.yy'
LIBOBJS=''
LIBS='-lz -lxml2 -lutil -lpthread -lm '
LTLIBOBJS=''
OBJEXT='o'
PACKAGE_BUGREPORT='autodafe@vuagnoux.com'
PACKAGE_NAME='autodafe'
PACKAGE_STRING='autodafe 0.1'
PACKAGE_TARNAME='autodafe'
PACKAGE_VERSION='0.1'
PATH_SEPARATOR=':'
SHELL='/bin/sh'
YACC='bison -y'
ac_ct_CC='gcc'
bindir='${exec_prefix}/bin'
build_alias=''
datadir='${prefix}/share'
exec_prefix='${prefix}'
host_alias=''
includedir='${prefix}/include'
infodir='${prefix}/info'
libdir='${exec_prefix}/lib'
libexecdir='${exec_prefix}/libexec'
localstatedir='${prefix}/var'
mandir='${prefix}/man'
oldincludedir='/usr/include'
prefix='/usr/local'
program_transform_name='s,x,x,'
sbindir='${exec_prefix}/sbin'
sharedstatedir='${prefix}/com'
sysconfdir='${prefix}/etc'
target_alias=''

## ----------- ##
## confdefs.h. ##
## ----------- ##

#define GDB_PATH "/usr/bin/gdb"
#define HAVE_ARPA_INET_H 1
#define HAVE_BZERO 1
#define HAVE_DUP2 1
#define HAVE_FORK 1
#define HAVE_GETHOSTBYNAME 1
#define HAVE_INET_NTOA 1
#define HAVE_INTTYPES_H 1
#define HAVE_LIBM 1
#define HAVE_LIBPTHREAD 1
#define HAVE_LIBUTIL 1
#define HAVE_LIBXML2 1
#define HAVE_LIBZ 1
#define HAVE_MALLOC 1
#define HAVE_MEMORY_H 1
#define HAVE_MEMSET 1
#define HAVE_NETDB_H 1
#define HAVE_NETINET_IN_H 1
#define HAVE_REALLOC 1
#define HAVE_SELECT 1
#define HAVE_SOCKET 1
#define HAVE_STDDEF_H 1
#define HAVE_STDINT_H 1
#define HAVE_STDLIB_H 1
#define HAVE_STDLIB_H 1
#define HAVE_STDLIB_H 1
#define HAVE_STDLIB_H 1
#define HAVE_STRCHR 1
#define HAVE_STRINGS_H 1
#define HAVE_STRINGS_H 1
#define HAVE_STRING_H 1
#define HAVE_STRING_H 1
#define HAVE_STRSTR 1
#define HAVE_STRTOL 1
#define HAVE_STRTOUL 1
#define HAVE_SYS_SELECT_H 1
#define HAVE_SYS_SOCKET_H 1
#define HAVE_SYS_SOCKET_H 1
#define HAVE_SYS_STAT_H 1
#define HAVE_SYS_TIME_H 1
#define HAVE_SYS_TYPES_H 1
#define HAVE_UNISTD_H 1
#define HAVE_UNISTD_H 1
#define HAVE_UNISTD_H 1
#define HAVE_VFORK 1
#define HAVE_WORKING_FORK 1
#define HAVE_WORKING_VFORK 1
#define LSTAT_FOLLOWS_SLASHED_SYMLINK 1
#define PACKAGE_BUGREPORT "autodafe@vuagnoux.com"
#define PACKAGE_NAME "autodafe"
#define PACKAGE_STRING "autodafe 0.1"
#define PACKAGE_TARNAME "autodafe"
#define PACKAGE_VERSION "0.1"
#define RETSIGTYPE void
#define SELECT_TYPE_ARG1 int
#define SELECT_TYPE_ARG234 (fd_set *)
#define SELECT_TYPE_ARG5 (struct timeval *)
#define STDC_HEADERS 1
#define TIME_WITH_SYS_TIME 1
#define YYTEXT_POINTER 1

configure: exit 0
